Change Component Designator: Old Designator=C4 New Designator=C1
Change Component Designator: Old Designator=C5 New Designator=C2
Change Component Designator: Old Designator=C7 New Designator=C3
Change Component Designator: Old Designator=C8 New Designator=C4
Change Component Designator: Old Designator=C9 New Designator=C5
Change Component Designator: Old Designator=C18 New Designator=C6
Change Component Designator: Old Designator=C19 New Designator=C7
Change Component Designator: Old Designator=C20 New Designator=C8
Change Component Designator: Old Designator=C21 New Designator=C9
Change Component Designator: Old Designator=C22 New Designator=C10
Change Component Designator: Old Designator=C23 New Designator=C11
Change Component Designator: Old Designator=C25 New Designator=C13
Change Component Designator: Old Designator=C26 New Designator=C14
Change Component Designator: Old Designator=C27 New Designator=C15
Change Component Designator: Old Designator=C28 New Designator=C20
Change Component Designator: Old Designator=C29 New Designator=C21
Change Component Designator: Old Designator=C? New Designator=C12
Change Component Designator: Old Designator=C? New Designator=C16
Change Component Designator: Old Designator=C? New Designator=C17
Change Component Designator: Old Designator=C? New Designator=C18
Change Component Designator: Old Designator=C? New Designator=C19
Change Component Designator: Old Designator=C? New Designator=C22
Change Component Designator: Old Designator=C? New Designator=C23
Change Component Designator: Old Designator=C? New Designator=C24
Change Component Designator: Old Designator=C? New Designator=C25
Change Component Designator: Old Designator=C? New Designator=C26
Change Component Designator: Old Designator=C? New Designator=C27
Change Component Designator: Old Designator=C? New Designator=C28
Change Component Designator: Old Designator=C? New Designator=C29
Change Component Designator: Old Designator=C? New Designator=C30
Change Component Designator: Old Designator=R12 New Designator=R2
Change Component Designator: Old Designator=R13 New Designator=R1
Change Component Designator: Old Designator=R14 New Designator=R3
Change Component Designator: Old Designator=R? New Designator=R4
Change Component Designator: Old Designator=R? New Designator=R5
Change Component Designator: Old Designator=R? New Designator=R6
Change Component Designator: Old Designator=R? New Designator=R7
Change Component Designator: Old Designator=R? New Designator=R8
Change Component Designator: Old Designator=R? New Designator=R9
Change Component Designator: Old Designator=U2 New Designator=U1
Change Component Designator: Old Designator=U2 New Designator=U1
Change Component Designator: Old Designator=U2 New Designator=U1
Change Component Designator: Old Designator=U3 New Designator=U2
Change Component Designator: Old Designator=U? New Designator=U3
Change Component Designator: Old Designator=U? New Designator=U4
