Change Component Designator: Old Designator=C40 New Designator=C?
Change Component Designator: Old Designator=C41 New Designator=C?
Change Component Designator: Old Designator=C42 New Designator=C?
Change Component Designator: Old Designator=C43 New Designator=C?
Change Component Designator: Old Designator=C44 New Designator=C?
Change Component Designator: Old Designator=C45 New Designator=C?
Change Component Designator: Old Designator=C46 New Designator=C?
Change Component Designator: Old Designator=C47 New Designator=C?
Change Component Designator: Old Designator=C48 New Designator=C?
Change Component Designator: Old Designator=C49 New Designator=C?
Change Component Designator: Old Designator=C50 New Designator=C?
Change Component Designator: Old Designator=C54 New Designator=C?
Change Component Designator: Old Designator=C55 New Designator=C?
Change Component Designator: Old Designator=C56 New Designator=C?
Change Component Designator: Old Designator=C57 New Designator=C?
Change Component Designator: Old Designator=C58 New Designator=C?
Change Component Designator: Old Designator=C59 New Designator=C?
Change Component Designator: Old Designator=C60 New Designator=C?
Change Component Designator: Old Designator=C61 New Designator=C?
Change Component Designator: Old Designator=D8 New Designator=D?
Change Component Designator: Old Designator=D9 New Designator=D?
Change Component Designator: Old Designator=D11 New Designator=D?
Change Component Designator: Old Designator=FB1 New Designator=FB?
Change Component Designator: Old Designator=FL3 New Designator=FL?
Change Component Designator: Old Designator=L2 New Designator=L?
Change Component Designator: Old Designator=R30 New Designator=R?
Change Component Designator: Old Designator=R31 New Designator=R?
Change Component Designator: Old Designator=R34 New Designator=R?
Change Component Designator: Old Designator=R36 New Designator=R?
Change Component Designator: Old Designator=R37 New Designator=R?
Change Component Designator: Old Designator=R39 New Designator=R?
Change Component Designator: Old Designator=R41 New Designator=R?
Change Component Designator: Old Designator=R42 New Designator=R?
Change Component Designator: Old Designator=R46 New Designator=R?
Change Component Designator: Old Designator=U7 New Designator=U?
Change Component Designator: Old Designator=U8 New Designator=U?
Change Component Designator: Old Designator=U10 New Designator=U?
