Change Component Footprint: Designator=D2 Old Footprint=FP-SMA-MFG New Footprint=ONSC-SOD-123FL-2-498_V
Change Component Footprint: Designator=D3 Old Footprint=FP-SMA-MFG New Footprint=ONSC-SOD-123FL-2-498_V
Change Component Footprint: Designator=D4 Old Footprint=FP-SMA-MFG New Footprint=ONSC-SOD-123FL-2-498_V
Change Component Comment : Designator=D2 Old Comment=SMAJ6.0A New Comment=SMF5.0AT1G
Change Component Comment : Designator=D3 Old Comment=SMAJ6.0A New Comment=SMF5.0AT1G
Change Component Comment : Designator=D4 Old Comment=SMAJ6.0A New Comment=SMF5.0AT1G
Change Managed Component Library Link : Designator=D2 Old VaultGUID=B7D15EC3-160A-466F-A46C-7801FE6295A7 New VaultGUID=B7D15EC3-160A-466F-A46C-7801FE6295A7 Old ItemGUID=E933E47B-AD62-4608-B414-D18F7C03C36E New ItemGUID=1DF7D867-40F5-4E32-BCA7-28B5CF5F5D53 Old RevisionGUID=D5F2DE60-8628-4944-9E9A-962B5A9336BA New RevisionGUID=FBE65F79-1B9F-4C11-9D05-C334283B2FE3
Change Managed Component Library Link : Designator=D3 Old VaultGUID=B7D15EC3-160A-466F-A46C-7801FE6295A7 New VaultGUID=B7D15EC3-160A-466F-A46C-7801FE6295A7 Old ItemGUID=E933E47B-AD62-4608-B414-D18F7C03C36E New ItemGUID=1DF7D867-40F5-4E32-BCA7-28B5CF5F5D53 Old RevisionGUID=D5F2DE60-8628-4944-9E9A-962B5A9336BA New RevisionGUID=FBE65F79-1B9F-4C11-9D05-C334283B2FE3
Change Managed Component Library Link : Designator=D4 Old VaultGUID=B7D15EC3-160A-466F-A46C-7801FE6295A7 New VaultGUID=B7D15EC3-160A-466F-A46C-7801FE6295A7 Old ItemGUID=E933E47B-AD62-4608-B414-D18F7C03C36E New ItemGUID=1DF7D867-40F5-4E32-BCA7-28B5CF5F5D53 Old RevisionGUID=D5F2DE60-8628-4944-9E9A-962B5A9336BA New RevisionGUID=FBE65F79-1B9F-4C11-9D05-C334283B2FE3
Change component parameters: Designator = "D2" ("D2"); Footprint = "FP-SMA-MFG"; UniqueID = "\DYRVGFPP\JOCVQHUA" ("\DYRVGFPP\JOCVQHUA")
Change component parameters (AddParameter): Name = "ComponentLink1Description"; Value = "Manufacturer URL"; VariantName = "[No Variations]"
Change component parameters (AddParameter): Name = "ComponentLink1URL"; Value = "http://www.onsemi.com/"; VariantName = "[No Variations]"
Change component parameters (AddParameter): Name = "ComponentLink2Description"; Value = "Datasheet"; VariantName = "[No Variations]"
Change component parameters (AddParameter): Name = "ComponentLink2URL"; Value = "http://www.onsemi.com/pub_link/Collateral/SMF5.0AT1-D.PDF"; VariantName = "[No Variations]"
Change component parameters (AddParameter): Name = "ComponentLink3Description"; Value = "Package Specification"; VariantName = "[No Variations]"
Change component parameters (AddParameter): Name = "ComponentLink3URL"; Value = "http://www.onsemi.com/pub_link/Collateral/498-01.PDF"; VariantName = "[No Variations]"
Change component parameters (AddParameter): Name = "DatasheetVersion"; Value = "Rev. 7"; VariantName = "[No Variations]"
Change component parameters (AddParameter): Name = "Direction"; Value = "Unidirectional"; VariantName = "[No Variations]"
Change component parameters (AddParameter): Name = "IR Max (uA)"; Value = "400"; VariantName = "[No Variations]"
Change component parameters (AddParameter): Name = "Manufacturer"; Value = "On Semiconductor"; VariantName = "[No Variations]"
Change component parameters (AddParameter): Name = "Mounting Technology"; Value = "Surface Mount"; VariantName = "[No Variations]"
Change component parameters (AddParameter): Name = "PackageDescription"; Value = "2-Pin SOD, Body 1.65 x 2.7 mm"; VariantName = "[No Variations]"
Change component parameters (AddParameter): Name = "PackageReference"; Value = "SOD-123FL-2-498"; VariantName = "[No Variations]"
Change component parameters (AddParameter): Name = "PackageVersion"; Value = "Rev. D, 05/2013"; VariantName = "[No Variations]"
Change component parameters (AddParameter): Name = "Packing"; Value = "Tape and Reel"; VariantName = "[No Variations]"
Change component parameters (AddParameter): Name = "PartNumber"; Value = "SMF5.0AT1G"; VariantName = "[No Variations]"
Change component parameters (AddParameter): Name = "RoHS"; Value = "Pb-Free"; VariantName = "[No Variations]"
Change component parameters (AddParameter): Name = "V(BR) Typ (V)"; Value = "6.7"; VariantName = "[No Variations]"
Change component parameters: Designator = "D3" ("D3"); Footprint = "FP-SMA-MFG"; UniqueID = "\DYRVGFPP\ZWUBKLFL" ("\DYRVGFPP\ZWUBKLFL")
Change component parameters (AddParameter): Name = "ComponentLink1Description"; Value = "Manufacturer URL"; VariantName = "[No Variations]"
Change component parameters (AddParameter): Name = "ComponentLink1URL"; Value = "http://www.onsemi.com/"; VariantName = "[No Variations]"
Change component parameters (AddParameter): Name = "ComponentLink2Description"; Value = "Datasheet"; VariantName = "[No Variations]"
Change component parameters (AddParameter): Name = "ComponentLink2URL"; Value = "http://www.onsemi.com/pub_link/Collateral/SMF5.0AT1-D.PDF"; VariantName = "[No Variations]"
Change component parameters (AddParameter): Name = "ComponentLink3Description"; Value = "Package Specification"; VariantName = "[No Variations]"
Change component parameters (AddParameter): Name = "ComponentLink3URL"; Value = "http://www.onsemi.com/pub_link/Collateral/498-01.PDF"; VariantName = "[No Variations]"
Change component parameters (AddParameter): Name = "DatasheetVersion"; Value = "Rev. 7"; VariantName = "[No Variations]"
Change component parameters (AddParameter): Name = "Direction"; Value = "Unidirectional"; VariantName = "[No Variations]"
Change component parameters (AddParameter): Name = "IR Max (uA)"; Value = "400"; VariantName = "[No Variations]"
Change component parameters (AddParameter): Name = "Manufacturer"; Value = "On Semiconductor"; VariantName = "[No Variations]"
Change component parameters (AddParameter): Name = "Mounting Technology"; Value = "Surface Mount"; VariantName = "[No Variations]"
Change component parameters (AddParameter): Name = "PackageDescription"; Value = "2-Pin SOD, Body 1.65 x 2.7 mm"; VariantName = "[No Variations]"
Change component parameters (AddParameter): Name = "PackageReference"; Value = "SOD-123FL-2-498"; VariantName = "[No Variations]"
Change component parameters (AddParameter): Name = "PackageVersion"; Value = "Rev. D, 05/2013"; VariantName = "[No Variations]"
Change component parameters (AddParameter): Name = "Packing"; Value = "Tape and Reel"; VariantName = "[No Variations]"
Change component parameters (AddParameter): Name = "PartNumber"; Value = "SMF5.0AT1G"; VariantName = "[No Variations]"
Change component parameters (AddParameter): Name = "RoHS"; Value = "Pb-Free"; VariantName = "[No Variations]"
Change component parameters (AddParameter): Name = "V(BR) Typ (V)"; Value = "6.7"; VariantName = "[No Variations]"
Change component parameters: Designator = "D4" ("D4"); Footprint = "FP-SMA-MFG"; UniqueID = "\DYRVGFPP\CQLJLCSP" ("\DYRVGFPP\CQLJLCSP")
Change component parameters (AddParameter): Name = "ComponentLink1Description"; Value = "Manufacturer URL"; VariantName = "[No Variations]"
Change component parameters (AddParameter): Name = "ComponentLink1URL"; Value = "http://www.onsemi.com/"; VariantName = "[No Variations]"
Change component parameters (AddParameter): Name = "ComponentLink2Description"; Value = "Datasheet"; VariantName = "[No Variations]"
Change component parameters (AddParameter): Name = "ComponentLink2URL"; Value = "http://www.onsemi.com/pub_link/Collateral/SMF5.0AT1-D.PDF"; VariantName = "[No Variations]"
Change component parameters (AddParameter): Name = "ComponentLink3Description"; Value = "Package Specification"; VariantName = "[No Variations]"
Change component parameters (AddParameter): Name = "ComponentLink3URL"; Value = "http://www.onsemi.com/pub_link/Collateral/498-01.PDF"; VariantName = "[No Variations]"
Change component parameters (AddParameter): Name = "DatasheetVersion"; Value = "Rev. 7"; VariantName = "[No Variations]"
Change component parameters (AddParameter): Name = "Direction"; Value = "Unidirectional"; VariantName = "[No Variations]"
Change component parameters (AddParameter): Name = "IR Max (uA)"; Value = "400"; VariantName = "[No Variations]"
Change component parameters (AddParameter): Name = "Manufacturer"; Value = "On Semiconductor"; VariantName = "[No Variations]"
Change component parameters (AddParameter): Name = "Mounting Technology"; Value = "Surface Mount"; VariantName = "[No Variations]"
Change component parameters (AddParameter): Name = "PackageDescription"; Value = "2-Pin SOD, Body 1.65 x 2.7 mm"; VariantName = "[No Variations]"
Change component parameters (AddParameter): Name = "PackageReference"; Value = "SOD-123FL-2-498"; VariantName = "[No Variations]"
Change component parameters (AddParameter): Name = "PackageVersion"; Value = "Rev. D, 05/2013"; VariantName = "[No Variations]"
Change component parameters (AddParameter): Name = "Packing"; Value = "Tape and Reel"; VariantName = "[No Variations]"
Change component parameters (AddParameter): Name = "PartNumber"; Value = "SMF5.0AT1G"; VariantName = "[No Variations]"
Change component parameters (AddParameter): Name = "RoHS"; Value = "Pb-Free"; VariantName = "[No Variations]"
Change component parameters (AddParameter): Name = "V(BR) Typ (V)"; Value = "6.7"; VariantName = "[No Variations]"
Add Class: Class already exists: Designator
Add Class: Class already exists: Designator
Add Class: Class already exists: Designator
