Removed Pin From Net: NetName=GND Pin=U7-V
Removed Pin From Net: NetName=GND Pin=U7-V
Removed Pin From Net: NetName=GND Pin=U7-V
Removed Pin From Net: NetName=GND Pin=U7-V
Removed Pin From Net: NetName=VDD_5V Pin=U8-1
Removed Pin From Net: NetName=VBUS Pin=U8-2
Removed Pin From Net: NetName=GND Pin=U8-3
Removed Pin From Net: NetName=NetR38_1 Pin=U8-4
Removed Pin From Net: NetName=NetR35_1 Pin=U8-5
Removed Pin From Net: NetName=GND Pin=U8-6
Removed Pin From Net: NetName=BEC_5V Pin=U8-7
Removed Pin From Net: NetName=VDD_5V Pin=U8-8
Removed Pin From Net: NetName=NetR40_1 Pin=U8-10
Removed Pin From Net: NetName=NetC50_2 Pin=U8-11
Removed Pin From Net: NetName=GND Pin=U8-12
Add component: Footprint Not Found IC_TPS2121RUXR
Add Pin To Net: Unknown Pin: Pin U?-1_1
Add Pin To Net: Unknown Pin: Pin U?-1
Add Pin To Net: Unknown Pin: Pin U?-2_1
Add Pin To Net: Unknown Pin: Pin U?-2
Add Pin To Net: Unknown Pin: Pin U?-3
Add Pin To Net: Unknown Pin: Pin U?-4
Add Pin To Net: Unknown Pin: Pin U?-5
Add Pin To Net: Unknown Pin: Pin U?-6
Add Pin To Net: Unknown Pin: Pin U?-7_1
Add Pin To Net: Unknown Pin: Pin U?-7
Add Pin To Net: Unknown Pin: Pin U?-8_1
Add Pin To Net: Unknown Pin: Pin U?-8
Add Pin To Net: Unknown Pin: Pin U?-10
Add Pin To Net: Unknown Pin: Pin U?-11
Add Pin To Net: Unknown Pin: Pin U?-12
Add Class: Class already exists: Designator
Add Class: Class already exists: Designator
Add Class: Class already exists: Designator
